<?xml version="1.0" encoding="UTF-8"?>
<!-- Generated by org.testng.reporters.JUnitReportReporter -->
<testsuite hostname="DESKTOP-N2O8J3T" failures="0" tests="3" name="com.crm.qa.testcases.LoginPageTest" time="44.613" errors="0" timestamp="2024-10-29T16:31:00 IST" skipped="0">
  <testcase classname="com.crm.qa.testcases.LoginPageTest" name="loginPageTitleTest" time="13.255"/>
  <system-out/>
  <testcase classname="com.crm.qa.testcases.LoginPageTest" name="crmLogoImageTest" time="10.257"/>
  <system-out/>
  <testcase classname="com.crm.qa.testcases.LoginPageTest" name="loginTest" time="21.101"/>
  <system-out/>
</testsuite> <!-- com.crm.qa.testcases.LoginPageTest -->
